<?xml version="1.0" encoding="UTF-8"?>
<testng-results skipped="0" failed="0" ignored="0" total="1" passed="1">
  <reporter-output>
  </reporter-output>
  <suite name="Default suite" duration-ms="24590" started-at="2018-09-10T09:49:10Z" finished-at="2018-09-10T09:49:35Z">
    <groups>
    </groups>
    <test name="Default test" duration-ms="24590" started-at="2018-09-10T09:49:10Z" finished-at="2018-09-10T09:49:35Z">
      <class name="test.Test1_GoogleSearch_TestNGDemo">
        <test-method status="PASS" signature="setup()[pri:0, instance:test.Test1_GoogleSearch_TestNGDemo@ae45eb6]" name="setup" is-config="true" duration-ms="15906" started-at="2018-09-10T09:49:10Z" finished-at="2018-09-10T09:49:26Z">
          <reporter-output>
          </reporter-output>
        </test-method> <!-- setup -->
        <test-method status="PASS" signature="googleSearch()[pri:0, instance:test.Test1_GoogleSearch_TestNGDemo@ae45eb6]" name="googleSearch" duration-ms="8233" started-at="2018-09-10T09:49:26Z" finished-at="2018-09-10T09:49:34Z">
          <reporter-output>
          </reporter-output>
        </test-method> <!-- googleSearch -->
        <test-method status="PASS" signature="tearDown()[pri:0, instance:test.Test1_GoogleSearch_TestNGDemo@ae45eb6]" name="tearDown" is-config="true" duration-ms="420" started-at="2018-09-10T09:49:34Z" finished-at="2018-09-10T09:49:35Z">
          <reporter-output>
          </reporter-output>
        </test-method> <!-- tearDown -->
      </class> <!-- test.Test1_GoogleSearch_TestNGDemo -->
    </test> <!-- Default test -->
  </suite> <!-- Default suite -->
</testng-results>
